<?xml version="1.0" encoding="UTF-8"?>
<!-- Generated by org.testng.reporters.JUnitXMLReporter -->
<testsuite ignored="0" hostname="SISBLRLPT390" failures="1" tests="1" name="edgetest" time="24.671" errors="0" timestamp="2025-02-07T20:05:33 IST">
  <testcase classname="testBase.BaseClass" name="@AfterClass teardown" time="0.091">
    <failure type="org.openqa.selenium.WebDriverException" message="Build info: version: &amp;apos;4.28.1&amp;apos;, revision: &amp;apos;73f5ad48a2&amp;apos;
System info: os.name: &amp;apos;Windows 10&amp;apos;, os.arch: &amp;apos;amd64&amp;apos;, os.version: &amp;apos;10.0&amp;apos;, java.version: &amp;apos;23.0.1&amp;apos;
Driver info: org.openqa.selenium.remote.RemoteWebDriver
Command: [3c8c2ce025e0457514ed233535305ed9, quit {}]
Capabilities {acceptInsecureCerts: false, browserName: chrome, browserVersion: 132.0.6834.160, chrome: {chromedriverVersion: 132.0.6834.159 (2d77d3fc445..., userDataDir: C:\Users\aravinda.a\AppData...}, fedcm:accounts: true, goog:chromeOptions: {debuggerAddress: localhost:63815}, networkConnectionEnabled: false, pageLoadStrategy: normal, platformName: Windows 10, proxy: Proxy(), se:bidiEnabled: false, se:cdp: ws://192.168.1.117:4444/ses..., se:cdpVersion: 132.0.6834.160, setWindowRect: true, strictFileInteractability: false, timeouts: {implicit: 0, pageLoad: 300000, script: 30000}, unhandledPromptBehavior: dismiss and notify, webauthn:extension:credBlob: true, webauthn:extension:largeBlob: true, webauthn:extension:minPinLength: true, webauthn:extension:prf: true, webauthn:virtualAuthenticators: true}">
      <![CDATA[org.openqa.selenium.WebDriverException: Build info: version: '4.28.1', revision: '73f5ad48a2'
System info: os.name: 'Windows 10', os.arch: 'amd64', os.version: '10.0', java.version: '23.0.1'
Driver info: org.openqa.selenium.remote.RemoteWebDriver
Command: [3c8c2ce025e0457514ed233535305ed9, quit {}]
Capabilities {acceptInsecureCerts: false, browserName: chrome, browserVersion: 132.0.6834.160, chrome: {chromedriverVersion: 132.0.6834.159 (2d77d3fc445..., userDataDir: C:\Users\aravinda.a\AppData...}, fedcm:accounts: true, goog:chromeOptions: {debuggerAddress: localhost:63815}, networkConnectionEnabled: false, pageLoadStrategy: normal, platformName: Windows 10, proxy: Proxy(), se:bidiEnabled: false, se:cdp: ws://192.168.1.117:4444/ses..., se:cdpVersion: 132.0.6834.160, setWindowRect: true, strictFileInteractability: false, timeouts: {implicit: 0, pageLoad: 300000, script: 30000}, unhandledPromptBehavior: dismiss and notify, webauthn:extension:credBlob: true, webauthn:extension:largeBlob: true, webauthn:extension:minPinLength: true, webauthn:extension:prf: true, webauthn:virtualAuthenticators: true}
at org.openqa.selenium.remote.http.jdk.JdkHttpClient.execute0(JdkHttpClient.java:500)
at org.openqa.selenium.remote.http.AddSeleniumUserAgent.lambda$apply$0(AddSeleniumUserAgent.java:42)
at org.openqa.selenium.remote.http.Filter.lambda$andFinally$1(Filter.java:55)
at org.openqa.selenium.remote.http.jdk.JdkHttpClient.lambda$executeAsync$1(JdkHttpClient.java:384)
at java.base/java.util.concurrent.Executors$RunnableAdapter.call(Executors.java:572)
at java.base/java.util.concurrent.FutureTask.run(FutureTask.java:317)
at java.base/java.util.concurrent.ThreadPoolExecutor.runWorker(ThreadPoolExecutor.java:1144)
at java.base/java.util.concurrent.ThreadPoolExecutor$Worker.run(ThreadPoolExecutor.java:642)
at java.base/java.lang.Thread.run(Thread.java:1575)
Caused by: java.lang.InterruptedException
at java.base/java.util.concurrent.CompletableFuture.reportGet(CompletableFuture.java:430)
at java.base/java.util.concurrent.CompletableFuture.get(CompletableFuture.java:2117)
at java.net.http/jdk.internal.net.http.HttpClientImpl.send(HttpClientImpl.java:935)
at java.net.http/jdk.internal.net.http.HttpClientFacade.send(HttpClientFacade.java:133)
at org.openqa.selenium.remote.http.jdk.JdkHttpClient.execute0(JdkHttpClient.java:456)
... 8 more
]]>
    </failure>
  </testcase> <!-- @AfterClass teardown -->
  <testcase classname="testCases.TC001_AccountRegistrationTest" name="verify_account_registration" time="20.206">
    <failure type="java.lang.AssertionError" message="null">
      <![CDATA[java.lang.AssertionError: null
at testCases.TC001_AccountRegistrationTest.verify_account_registration(TC001_AccountRegistrationTest.java:65)
at java.base/java.util.ArrayList.forEach(ArrayList.java:1597)
at java.base/java.util.concurrent.FutureTask.run(FutureTask.java:317)
at java.base/java.util.concurrent.ThreadPoolExecutor.runWorker(ThreadPoolExecutor.java:1144)
at java.base/java.util.concurrent.ThreadPoolExecutor$Worker.run(ThreadPoolExecutor.java:642)
at java.base/java.lang.Thread.run(Thread.java:1575)
... Removed 17 stack frames]]>
    </failure>
  </testcase> <!-- verify_account_registration -->
</testsuite> <!-- edgetest -->
